<?xml version="1.0" encoding="UTF-8"?>
<!-- Generated by org.testng.reporters.JUnitXMLReporter -->
<testsuite hostname="DESKTOP-39M4H89" ignored="0" name="Test2(failed)(failed)(failed)" tests="1" failures="0" timestamp="08 Jan 2020 11:05:31 GMT" time="0.155" errors="0">
  <testcase name="@BeforeTest setup" time="0.123" classname="secondtest.tesngmultibrowser">
    <failure type="java.lang.IllegalStateException" message="The driver executable does not exist: F:\java\geckodriver-v0.26.0-win32\geckodriver">
      <![CDATA[java.lang.IllegalStateException: The driver executable does not exist: F:\java\geckodriver-v0.26.0-win32\geckodriver
	at com.google.common.base.Preconditions.checkState(Preconditions.java:585)
	at org.openqa.selenium.remote.service.DriverService.checkExecutable(DriverService.java:146)
	at org.openqa.selenium.remote.service.DriverService.findExecutable(DriverService.java:141)
	at org.openqa.selenium.firefox.GeckoDriverService.access$100(GeckoDriverService.java:44)
	at org.openqa.selenium.firefox.GeckoDriverService$Builder.findDefaultExecutable(GeckoDriverService.java:167)
	at org.openqa.selenium.remote.service.DriverService$Builder.build(DriverService.java:355)
	at org.openqa.selenium.firefox.FirefoxDriver.toExecutor(FirefoxDriver.java:190)
	at org.openqa.selenium.firefox.FirefoxDriver.<init>(FirefoxDriver.java:147)
	at org.openqa.selenium.firefox.FirefoxDriver.<init>(FirefoxDriver.java:125)
	at secondtest.tesngmultibrowser.setup(tesngmultibrowser.java:33)
	at java.util.concurrent.FutureTask.run(Unknown Source)
	at java.util.concurrent.ThreadPoolExecutor.runWorker(Unknown Source)
	at java.util.concurrent.ThreadPoolExecutor$Worker.run(Unknown Source)
	at java.lang.Thread.run(Unknown Source)
... Removed 14 stack frames]]>
    </failure>
  </testcase> <!-- @BeforeTest setup -->
  <testcase name="@AfterTest teardown" time="0.0" classname="secondtest.tesngmultibrowser">
    <skipped/>
  </testcase> <!-- @AfterTest teardown -->
  <testcase name="testpara" time="0.0" classname="secondtest.tesngmultibrowser">
    <skipped/>
  </testcase> <!-- testpara -->
</testsuite> <!-- Test2(failed)(failed)(failed) -->
