<?xml version="1.0" encoding="UTF-8"?>
<!-- Generated by org.testng.reporters.JUnitXMLReporter -->
<testsuite hostname="DESKTOP-39M4H89" ignored="0" name="Test3" tests="1" failures="1" timestamp="14 Feb 2020 07:10:58 GMT" time="0.038" errors="0">
  <testcase name="testpara" time="0.008" classname="secondtest.tesngmultibrowser">
    <failure type="java.lang.NullPointerException">
      <![CDATA[java.lang.NullPointerException
	at secondtest.tesngmultibrowser.testpara(tesngmultibrowser.java:54)
	at java.util.concurrent.FutureTask.run(Unknown Source)
	at java.util.concurrent.ThreadPoolExecutor.runWorker(Unknown Source)
	at java.util.concurrent.ThreadPoolExecutor$Worker.run(Unknown Source)
	at java.lang.Thread.run(Unknown Source)
... Removed 16 stack frames]]>
    </failure>
  </testcase> <!-- testpara -->
</testsuite> <!-- Test3 -->
